c:\users\laura isabel\google drive\sdl\projects\project 17-4-7 breakout game\project 17-4-7 breakout game\debug\vc140.pdb
c:\users\laura isabel\google drive\sdl\projects\project 17-4-7 breakout game\project 17-4-7 breakout game\debug\vc140.idb
c:\users\laura isabel\google drive\sdl\projects\project 17-4-7 breakout game\project 17-4-7 breakout game\debug\brick.obj
c:\users\laura isabel\google drive\sdl\projects\project 17-4-7 breakout game\project 17-4-7 breakout game\debug\dot.obj
c:\users\laura isabel\google drive\sdl\projects\project 17-4-7 breakout game\project 17-4-7 breakout game\debug\functions.obj
c:\users\laura isabel\google drive\sdl\projects\project 17-4-7 breakout game\project 17-4-7 breakout game\debug\globals.obj
c:\users\laura isabel\google drive\sdl\projects\project 17-4-7 breakout game\project 17-4-7 breakout game\debug\health.obj
c:\users\laura isabel\google drive\sdl\projects\project 17-4-7 breakout game\project 17-4-7 breakout game\debug\ltexture.obj
c:\users\laura isabel\google drive\sdl\projects\project 17-4-7 breakout game\project 17-4-7 breakout game\debug\main.obj
c:\users\laura isabel\google drive\sdl\projects\project 17-4-7 breakout game\project 17-4-7 breakout game\debug\menu.obj
c:\users\laura isabel\google drive\sdl\projects\project 17-4-7 breakout game\project 17-4-7 breakout game\debug\paddle.obj
c:\users\laura isabel\google drive\sdl\projects\project 17-4-7 breakout game\project 17-4-7 breakout game\debug\player.obj
c:\users\laura isabel\google drive\sdl\projects\project 17-4-7 breakout game\project 17-4-7 breakout game\debug\render_functions.obj
c:\users\laura isabel\google drive\sdl\projects\project 17-4-7 breakout game\project 17-4-7 breakout game\debug\score.obj
c:\users\laura isabel\google drive\sdl\projects\project 17-4-7 breakout game\project 17-4-7 breakout game\debug\startmenu.obj
c:\users\laura isabel\google drive\sdl\projects\project 17-4-7 breakout game\project 17-4-7 breakout game\debug\wall.obj
c:\users\laura isabel\google drive\sdl\projects\project 17-4-7 breakout game\debug\project 17-4-7 breakout game.ilk
c:\users\laura isabel\google drive\sdl\projects\project 17-4-7 breakout game\debug\project 17-4-7 breakout game.exe
c:\users\laura isabel\google drive\sdl\projects\project 17-4-7 breakout game\debug\project 17-4-7 breakout game.pdb
c:\users\laura isabel\google drive\sdl\projects\project 17-4-7 breakout game\project 17-4-7 breakout game\debug\project .84733082.tlog\cl.command.1.tlog
c:\users\laura isabel\google drive\sdl\projects\project 17-4-7 breakout game\project 17-4-7 breakout game\debug\project .84733082.tlog\cl.read.1.tlog
c:\users\laura isabel\google drive\sdl\projects\project 17-4-7 breakout game\project 17-4-7 breakout game\debug\project .84733082.tlog\cl.write.1.tlog
c:\users\laura isabel\google drive\sdl\projects\project 17-4-7 breakout game\project 17-4-7 breakout game\debug\project .84733082.tlog\link.command.1.tlog
c:\users\laura isabel\google drive\sdl\projects\project 17-4-7 breakout game\project 17-4-7 breakout game\debug\project .84733082.tlog\link.read.1.tlog
c:\users\laura isabel\google drive\sdl\projects\project 17-4-7 breakout game\project 17-4-7 breakout game\debug\project .84733082.tlog\link.write.1.tlog
