c:\users\laura isabel\google drive\sdl\projects\project 17-4-7 breakout game\project 17-4-7 breakout game\x64\debug\vc140.pdb
c:\users\laura isabel\google drive\sdl\projects\project 17-4-7 breakout game\project 17-4-7 breakout game\x64\debug\vc140.idb
c:\users\laura isabel\google drive\sdl\projects\project 17-4-7 breakout game\project 17-4-7 breakout game\x64\debug\brick.obj
c:\users\laura isabel\google drive\sdl\projects\project 17-4-7 breakout game\project 17-4-7 breakout game\x64\debug\dot.obj
c:\users\laura isabel\google drive\sdl\projects\project 17-4-7 breakout game\project 17-4-7 breakout game\x64\debug\functions.obj
c:\users\laura isabel\google drive\sdl\projects\project 17-4-7 breakout game\project 17-4-7 breakout game\x64\debug\globals.obj
c:\users\laura isabel\google drive\sdl\projects\project 17-4-7 breakout game\project 17-4-7 breakout game\x64\debug\health.obj
c:\users\laura isabel\google drive\sdl\projects\project 17-4-7 breakout game\project 17-4-7 breakout game\x64\debug\ltexture.obj
c:\users\laura isabel\google drive\sdl\projects\project 17-4-7 breakout game\project 17-4-7 breakout game\x64\debug\main.obj
c:\users\laura isabel\google drive\sdl\projects\project 17-4-7 breakout game\project 17-4-7 breakout game\x64\debug\menu.obj
c:\users\laura isabel\google drive\sdl\projects\project 17-4-7 breakout game\project 17-4-7 breakout game\x64\debug\paddle.obj
c:\users\laura isabel\google drive\sdl\projects\project 17-4-7 breakout game\project 17-4-7 breakout game\x64\debug\player.obj
c:\users\laura isabel\google drive\sdl\projects\project 17-4-7 breakout game\project 17-4-7 breakout game\x64\debug\render_functions.obj
c:\users\laura isabel\google drive\sdl\projects\project 17-4-7 breakout game\project 17-4-7 breakout game\x64\debug\score.obj
c:\users\laura isabel\google drive\sdl\projects\project 17-4-7 breakout game\project 17-4-7 breakout game\x64\debug\startmenu.obj
c:\users\laura isabel\google drive\sdl\projects\project 17-4-7 breakout game\project 17-4-7 breakout game\x64\debug\wall.obj
c:\users\laura isabel\google drive\sdl\projects\project 17-4-7 breakout game\x64\debug\project 17-4-7 breakout game.pdb
c:\users\laura isabel\google drive\sdl\projects\project 17-4-7 breakout game\project 17-4-7 breakout game\x64\debug\project .84733082.tlog\cl.command.1.tlog
c:\users\laura isabel\google drive\sdl\projects\project 17-4-7 breakout game\project 17-4-7 breakout game\x64\debug\project .84733082.tlog\cl.read.1.tlog
c:\users\laura isabel\google drive\sdl\projects\project 17-4-7 breakout game\project 17-4-7 breakout game\x64\debug\project .84733082.tlog\cl.write.1.tlog
c:\users\laura isabel\google drive\sdl\projects\project 17-4-7 breakout game\project 17-4-7 breakout game\x64\debug\project .84733082.tlog\link-cvtres.read.1.tlog
c:\users\laura isabel\google drive\sdl\projects\project 17-4-7 breakout game\project 17-4-7 breakout game\x64\debug\project .84733082.tlog\link-cvtres.write.1.tlog
c:\users\laura isabel\google drive\sdl\projects\project 17-4-7 breakout game\project 17-4-7 breakout game\x64\debug\project .84733082.tlog\link-rc.read.1.tlog
c:\users\laura isabel\google drive\sdl\projects\project 17-4-7 breakout game\project 17-4-7 breakout game\x64\debug\project .84733082.tlog\link-rc.write.1.tlog
c:\users\laura isabel\google drive\sdl\projects\project 17-4-7 breakout game\project 17-4-7 breakout game\x64\debug\project .84733082.tlog\link.command.1.tlog
c:\users\laura isabel\google drive\sdl\projects\project 17-4-7 breakout game\project 17-4-7 breakout game\x64\debug\project .84733082.tlog\link.read.1.tlog
c:\users\laura isabel\google drive\sdl\projects\project 17-4-7 breakout game\project 17-4-7 breakout game\x64\debug\project .84733082.tlog\link.write.1.tlog
